  heap.cpp
C:\Users\sword\Desktop\Maze\Maze\heap.h(24,1): warning C4290: 함수가 __declspec(nothrow)가 아님을 나타내려는 경우를 제외하고 C++ 예외 사양은 무시됩니다.
C:\Users\sword\Desktop\Maze\Maze\heap.h(53): message : 컴파일되는 클래스 템플릿 인스턴스화 'Heap<DT>'에 대한 참조를 확인하세요.
C:\Users\sword\Desktop\Maze\Maze\heap.h(31,1): warning C4290: 함수가 __declspec(nothrow)가 아님을 나타내려는 경우를 제외하고 C++ 예외 사양은 무시됩니다.
C:\Users\sword\Desktop\Maze\Maze\heap.h(32,1): warning C4290: 함수가 __declspec(nothrow)가 아님을 나타내려는 경우를 제외하고 C++ 예외 사양은 무시됩니다.
C:\Users\sword\Desktop\Maze\Maze\heap.cpp(5,2): warning C4290: 함수가 __declspec(nothrow)가 아님을 나타내려는 경우를 제외하고 C++ 예외 사양은 무시됩니다.
C:\Users\sword\Desktop\Maze\Maze\heap.cpp(28,1): warning C4290: 함수가 __declspec(nothrow)가 아님을 나타내려는 경우를 제외하고 C++ 예외 사양은 무시됩니다.
C:\Users\sword\Desktop\Maze\Maze\heap.cpp(73,1): warning C4290: 함수가 __declspec(nothrow)가 아님을 나타내려는 경우를 제외하고 C++ 예외 사양은 무시됩니다.
  main.cpp
C:\Users\sword\Desktop\Maze\Maze\heap.h(24,1): warning C4290: 함수가 __declspec(nothrow)가 아님을 나타내려는 경우를 제외하고 C++ 예외 사양은 무시됩니다.
C:\Users\sword\Desktop\Maze\Maze\heap.h(53): message : 컴파일되는 클래스 템플릿 인스턴스화 'Heap<DT>'에 대한 참조를 확인하세요.
C:\Users\sword\Desktop\Maze\Maze\heap.h(31,1): warning C4290: 함수가 __declspec(nothrow)가 아님을 나타내려는 경우를 제외하고 C++ 예외 사양은 무시됩니다.
C:\Users\sword\Desktop\Maze\Maze\heap.h(32,1): warning C4290: 함수가 __declspec(nothrow)가 아님을 나타내려는 경우를 제외하고 C++ 예외 사양은 무시됩니다.
C:\Users\sword\Desktop\Maze\Maze\heap.cpp(5,2): warning C4290: 함수가 __declspec(nothrow)가 아님을 나타내려는 경우를 제외하고 C++ 예외 사양은 무시됩니다.
C:\Users\sword\Desktop\Maze\Maze\heap.cpp(28,1): warning C4290: 함수가 __declspec(nothrow)가 아님을 나타내려는 경우를 제외하고 C++ 예외 사양은 무시됩니다.
C:\Users\sword\Desktop\Maze\Maze\heap.cpp(73,1): warning C4290: 함수가 __declspec(nothrow)가 아님을 나타내려는 경우를 제외하고 C++ 예외 사양은 무시됩니다.
  maze.cpp
C:\Users\sword\Desktop\Maze\Maze\heap.h(24,1): warning C4290: 함수가 __declspec(nothrow)가 아님을 나타내려는 경우를 제외하고 C++ 예외 사양은 무시됩니다.
C:\Users\sword\Desktop\Maze\Maze\heap.h(53): message : 컴파일되는 클래스 템플릿 인스턴스화 'Heap<DT>'에 대한 참조를 확인하세요.
C:\Users\sword\Desktop\Maze\Maze\heap.h(31,1): warning C4290: 함수가 __declspec(nothrow)가 아님을 나타내려는 경우를 제외하고 C++ 예외 사양은 무시됩니다.
C:\Users\sword\Desktop\Maze\Maze\heap.h(32,1): warning C4290: 함수가 __declspec(nothrow)가 아님을 나타내려는 경우를 제외하고 C++ 예외 사양은 무시됩니다.
C:\Users\sword\Desktop\Maze\Maze\heap.cpp(5,2): warning C4290: 함수가 __declspec(nothrow)가 아님을 나타내려는 경우를 제외하고 C++ 예외 사양은 무시됩니다.
C:\Users\sword\Desktop\Maze\Maze\heap.cpp(28,1): warning C4290: 함수가 __declspec(nothrow)가 아님을 나타내려는 경우를 제외하고 C++ 예외 사양은 무시됩니다.
C:\Users\sword\Desktop\Maze\Maze\heap.cpp(73,1): warning C4290: 함수가 __declspec(nothrow)가 아님을 나타내려는 경우를 제외하고 C++ 예외 사양은 무시됩니다.
  point.cpp
  ptyqueue.cpp
C:\Users\sword\Desktop\Maze\Maze\heap.h(24,1): warning C4290: 함수가 __declspec(nothrow)가 아님을 나타내려는 경우를 제외하고 C++ 예외 사양은 무시됩니다.
C:\Users\sword\Desktop\Maze\Maze\heap.h(53): message : 컴파일되는 클래스 템플릿 인스턴스화 'Heap<DT>'에 대한 참조를 확인하세요.
C:\Users\sword\Desktop\Maze\Maze\heap.h(31,1): warning C4290: 함수가 __declspec(nothrow)가 아님을 나타내려는 경우를 제외하고 C++ 예외 사양은 무시됩니다.
C:\Users\sword\Desktop\Maze\Maze\heap.h(32,1): warning C4290: 함수가 __declspec(nothrow)가 아님을 나타내려는 경우를 제외하고 C++ 예외 사양은 무시됩니다.
C:\Users\sword\Desktop\Maze\Maze\heap.cpp(5,2): warning C4290: 함수가 __declspec(nothrow)가 아님을 나타내려는 경우를 제외하고 C++ 예외 사양은 무시됩니다.
C:\Users\sword\Desktop\Maze\Maze\heap.cpp(28,1): warning C4290: 함수가 __declspec(nothrow)가 아님을 나타내려는 경우를 제외하고 C++ 예외 사양은 무시됩니다.
C:\Users\sword\Desktop\Maze\Maze\heap.cpp(73,1): warning C4290: 함수가 __declspec(nothrow)가 아님을 나타내려는 경우를 제외하고 C++ 예외 사양은 무시됩니다.
  코드를 생성하고 있습니다...
C:\Users\sword\Desktop\Maze\Maze\heap.cpp(88): warning C4715: 'Heap<MazeVertex>::removeMax': 모든 제어 경로에서 값을 반환하지는 않습니다.
  Maze.vcxproj -> C:\Users\sword\Desktop\Maze\Debug\Maze.exe
